0 info it worked if it ends with ok
1 verbose cli [ '/usr/bin/nodejs', '/usr/bin/npm', 'start' ]
2 info using npm@1.4.21
3 info using node@v4.8.2
4 verbose config Skipping project config: /home/pi/.npmrc. (matches userconfig)
5 error Error: ENOENT: no such file or directory, open '/home/pi/Desktop/NewServerQ/complet/package.json'
5 error     at Error (native)
6 error If you need help, you may report this *entire* log,
6 error including the npm and node versions, at:
6 error     <http://github.com/npm/npm/issues>
7 error System Linux 4.9.59-v7+
8 error command "/usr/bin/nodejs" "/usr/bin/npm" "start"
9 error cwd /home/pi/Desktop/NewServerQ/complet
10 error node -v v4.8.2
11 error npm -v 1.4.21
12 error path /home/pi/Desktop/NewServerQ/complet/package.json
13 error syscall open
14 error code ENOENT
15 error errno -2
16 verbose exit [ -2, true ]
